#
# A fatal error has been detected by the Java Runtime Environment:
#
#  SIGBUS (0xa) at pc=0x00000001055a8219, pid=69124, tid=10755
#
# JRE version: Java(TM) SE Runtime Environment (8.0_66-b17) (build 1.8.0_66-b17)
# Java VM: Java HotSpot(TM) 64-Bit Server VM (25.66-b17 mixed mode bsd-amd64 compressed oops)
# Problematic frame:
# V  [libjvm.dylib+0x1a8219]
#
# Failed to write core dump. Core dumps have been disabled. To enable core dumping, try "ulimit -c unlimited" before starting Java again
#
# If you would like to submit a bug report, please visit:
#   http://bugreport.java.com/bugreport/crash.jsp
#

---------------  T H R E A D  ---------------

Current thread (0x00007f93d9808800):  GCTaskThread [stack: 0x0000700000526000,0x0000700000626000] [id=10755]

siginfo: si_signo: 10 (SIGBUS), si_code: 2 (BUS_ADRERR), si_addr: 0x00000007c4000210

Registers:
RAX=0x0000000105c2f8d0, RBX=0x0000000000000009, RCX=0x0000000000000003, RDX=0x0000000000000001
RSP=0x0000700000625bd0, RBP=0x0000700000625bd0, RSI=0x000000077a716710, RDI=0x00000007c4000208
R8 =0x0000000105cde1e0, R9 =0x000000077d79c588, R10=0x000000077d7a4588, R11=0x0000000003086918
R12=0x0000000105cd3b06, R13=0x000000077d79d01d, R14=0x00007f93d900b940, R15=0x00007f93d900b9d8
RIP=0x00000001055a8219, EFLAGS=0x0000000000010202, ERR=0x0000000000000004
  TRAPNO=0x000000000000000e

Top of Stack: (sp=0x0000700000625bd0)
0x0000700000625bd0:   0000700000625c40 00000001058bf5d1
0x0000700000625be0:   0000230100002400 000000077a716710
0x0000700000625bf0:   000000077d79c588 0000000000001000
0x0000700000625c00:   0000000000000000 0000000000000000
0x0000700000625c10:   0000000000000015 000000077d79d01d
0x0000700000625c20:   0000000105cd3b06 000000077d79d01d
0x0000700000625c30:   000000077d79d01c 00007f93d900b9d8
0x0000700000625c40:   0000700000625c60 00000001058bfae7
0x0000700000625c50:   00007f93d900b940 00007f93d900b9a0
0x0000700000625c60:   0000700000625cc0 00000001058beb05
0x0000700000625c70:   00000006c0c049d4 00000007c0209df0
0x0000700000625c80:   000000077d79d01d 00000007c0209df0
0x0000700000625c90:   00007f93d900b940 00000006c0c04a00
0x0000700000625ca0:   000000011574c025 00000006c0c04a00
0x0000700000625cb0:   000000011574c081 0000000000000240
0x0000700000625cc0:   0000700000625d80 0000000105556048
0x0000700000625cd0:   0000000000002400 0000000000000400
0x0000700000625ce0:   fffffffeea8ae283 0000000000000000
0x0000700000625cf0:   0000000115751d7b 0000000112146000
0x0000700000625d00:   0000000115751d7c 0000000003606000
0x0000700000625d10:   fffffffeea8b3f7f 000000000360bd7c
0x0000700000625d20:   000000011574c080 000000011574c001
0x0000700000625d30:   00000006c17af640 00000006c0c10008
0x0000700000625d40:   00007f93d841b0f0 00007f93d900b940
0x0000700000625d50:   00007f93d841ae70 00007f93d86046f0
0x0000700000625d60:   0000000000000000 0000000105a088d8
0x0000700000625d70:   00007f93d900b940 0000000000000001
0x0000700000625d80:   0000700000625db0 00000001058c263b
0x0000700000625d90:   00007f9300000008 00007f93d8507f40
0x0000700000625da0:   00007f93d9808800 00007f93d86046f0
0x0000700000625db0:   0000700000625e90 0000000105673c3b
0x0000700000625dc0:   0000700000625df0 00007f93d8509220 

Instructions: (pc=0x00000001055a8219)
0x00000001055a81f9:   84 d2 48 89 fe 74 15 48 8d 05 c9 76 68 00 8a 48
0x00000001055a8209:   08 8b 7e 08 48 d3 e7 48 03 38 eb 04 48 8b 7e 08
0x00000001055a8219:   8b 47 08 85 c0 7e 09 a8 01 75 4e c1 f8 03 eb 47
0x00000001055a8229:   85 c0 7f 43 85 c0 79 41 84 d2 0f 94 c1 0f b6 c9 

Register to memory mapping:

RAX=0x0000000105c2f8d0: _ZN8Universe13_narrow_klassE+0 in /Library/Java/JavaVirtualMachines/jdk1.8.0_66.jdk/Contents/Home/jre/lib/server/libjvm.dylib at 0x0000000105400000
RBX=0x0000000000000009 is an unknown value
RCX=0x0000000000000003 is an unknown value
RDX=0x0000000000000001 is an unknown value
RSP=0x0000700000625bd0 is an unknown value
RBP=0x0000700000625bd0 is an unknown value
RSI=0x000000077a716710 is an oop

[error occurred during error reporting (printing register info), id 0xa]

Stack: [0x0000700000526000,0x0000700000626000],  sp=0x0000700000625bd0,  free space=1022k
Native frames: (J=compiled Java code, j=interpreted, Vv=VM code, C=native code)
V  [libjvm.dylib+0x1a8219]
V  [libjvm.dylib+0x4bf5d1]
V  [libjvm.dylib+0x4bfae7]
V  [libjvm.dylib+0x4beb05]
V  [libjvm.dylib+0x156048]
V  [libjvm.dylib+0x4c263b]
V  [libjvm.dylib+0x273c3b]
V  [libjvm.dylib+0x482cd6]
C  [libsystem_pthread.dylib+0x39b1]  _pthread_body+0x83
C  [libsystem_pthread.dylib+0x392e]  _pthread_body+0x0
C  [libsystem_pthread.dylib+0x1385]  thread_start+0xd


---------------  P R O C E S S  ---------------

Java Threads: ( => current thread )
  0x00007f93dc8a9000 JavaThread "resolver-4" daemon [_thread_blocked, id=24835, stack(0x0000700001990000,0x0000700001a90000)]
  0x00007f93d9c55000 JavaThread "resolver-3" daemon [_thread_blocked, id=24323, stack(0x000070000188d000,0x000070000198d000)]
  0x00007f93da84b800 JavaThread "resolver-2" daemon [_thread_blocked, id=23811, stack(0x000070000178a000,0x000070000188a000)]
  0x00007f93d9c54000 JavaThread "resolver-1" daemon [_thread_blocked, id=23299, stack(0x0000700001687000,0x0000700001787000)]
  0x00007f93dba60000 JavaThread "process reaper" daemon [_thread_blocked, id=22787, stack(0x000070000165c000,0x0000700001684000)]
  0x00007f93db819800 JavaThread "Monitor Ctrl-Break" daemon [_thread_in_native, id=22275, stack(0x0000700001559000,0x0000700001659000)]
  0x00007f93d903d800 JavaThread "Service Thread" daemon [_thread_blocked, id=21251, stack(0x0000700001353000,0x0000700001453000)]
  0x00007f93d8870000 JavaThread "C1 CompilerThread3" daemon [_thread_blocked, id=20739, stack(0x0000700001250000,0x0000700001350000)]
  0x00007f93d885f000 JavaThread "C2 CompilerThread2" daemon [_thread_blocked, id=20227, stack(0x000070000114d000,0x000070000124d000)]
  0x00007f93d9833800 JavaThread "C2 CompilerThread1" daemon [_thread_blocked, id=19715, stack(0x000070000104a000,0x000070000114a000)]
  0x00007f93d900f800 JavaThread "C2 CompilerThread0" daemon [_thread_blocked, id=19203, stack(0x0000700000f47000,0x0000700001047000)]
  0x00007f93d900e800 JavaThread "Signal Dispatcher" daemon [_thread_blocked, id=15887, stack(0x0000700000e44000,0x0000700000f44000)]
  0x00007f93d900e000 JavaThread "Finalizer" daemon [_thread_blocked, id=14339, stack(0x0000700000c3b000,0x0000700000d3b000)]
  0x00007f93d900d000 JavaThread "Reference Handler" daemon [_thread_blocked, id=13827, stack(0x0000700000b38000,0x0000700000c38000)]
  0x00007f93d880b800 JavaThread "main" [_thread_blocked, id=5891, stack(0x000070000011a000,0x000070000021a000)]

Other Threads:
  0x00007f93d900c800 VMThread [stack: 0x0000700000a35000,0x0000700000b35000] [id=13315]
  0x00007f93d9857800 WatcherThread [stack: 0x0000700001456000,0x0000700001556000] [id=21763]

=>0x00007f93d9808800 (exited) GCTaskThread [stack: 0x0000700000526000,0x0000700000626000] [id=10755]

VM state:at safepoint (normal execution)

VM Mutex/Monitor currently owned by a thread:  ([mutex/lock_event])
[0x00007f93d8504120] Threads_lock - owner thread: 0x00007f93d900c800
[0x00007f93d8504620] Heap_lock - owner thread: 0x00007f93d880b800

Heap:
 PSYoungGen      total 276480K, used 215301K [0x000000076ab00000, 0x000000077e900000, 0x00000007c0000000)
  eden space 256000K, 81% used [0x000000076ab00000,0x00000007777820d8,0x000000077a500000)
  from space 20480K, 28% used [0x000000077a500000,0x000000077aabf610,0x000000077b900000)
  to   space 20992K, 46% used [0x000000077d480000,0x000000077ddfc838,0x000000077e900000)
 ParOldGen       total 129536K, used 24261K [0x00000006c0000000, 0x00000006c7e80000, 0x000000076ab00000)
  object space 129536K, 18% used [0x00000006c0000000,0x00000006c17b1640,0x00000006c7e80000)
 Metaspace       used 28530K, capacity 29234K, committed 29568K, reserved 1075200K
  class space    used 3159K, capacity 3419K, committed 3456K, reserved 1048576K

Card table byte_map: [0x0000000115746000,0x0000000115f47000] byte_map_base: 0x0000000112146000

Marking Bits: (ParMarkBitMap*) 0x0000000105cdde20
 Begin Bits: [0x000000011649d000, 0x000000011a49d000)
 End Bits:   [0x000000011a49d000, 0x000000011e49d000)

Polling page: 0x000000010439e000

CodeCache: size=245760Kb used=20848Kb max_used=21548Kb free=224911Kb
 bounds [0x0000000106386000, 0x00000001078b6000, 0x0000000115386000]
 total_blobs=6380 nmethods=5955 adapters=338
 compilation: enabled

Compilation events (10 events):
Event: 15.100 Thread 0x00007f93d885f000 7348       4       org.objectweb.asm.tree.LineNumberNode::accept (16 bytes)
Event: 15.103 Thread 0x00007f93d885f000 nmethod 7348 0x00000001064ad450 code [0x00000001064ad5e0, 0x00000001064ad918]
Event: 15.115 Thread 0x00007f93d885f000 7421       4       java.util.regex.Matcher::find (69 bytes)
Event: 15.115 Thread 0x00007f93d8870000 7422       3       java.util.Calendar::getTime (12 bytes)
Event: 15.116 Thread 0x00007f93d8870000 nmethod 7422 0x00000001064acc90 code [0x00000001064ace20, 0x00000001064ad2c8]
Event: 15.116 Thread 0x00007f93d8870000 7423       3       java.util.Calendar::getTimeInMillis (16 bytes)
Event: 15.116 Thread 0x00007f93d8870000 nmethod 7423 0x00000001070f3710 code [0x00000001070f3880, 0x00000001070f3b48]
Event: 15.116 Thread 0x00007f93d8870000 7424       3       java.util.Calendar::updateTime (10 bytes)
Event: 15.116 Thread 0x00007f93d8870000 nmethod 7424 0x0000000106de9a90 code [0x0000000106de9c00, 0x0000000106de9e28]
Event: 15.116 Thread 0x00007f93d8870000 7425       3       java.util.GregorianCalendar::computeTime (970 bytes)

GC Heap History (10 events):
Event: 2.279 GC heap after
Heap after GC invocations=4 (full 0):
 PSYoungGen      total 141824K, used 10727K [0x000000076ab00000, 0x0000000774000000, 0x00000007c0000000)
  eden space 131072K, 0% used [0x000000076ab00000,0x000000076ab00000,0x0000000772b00000)
  from space 10752K, 99% used [0x0000000773580000,0x0000000773ff9eb0,0x0000000774000000)
  to   space 10752K, 0% used [0x0000000772b00000,0x0000000772b00000,0x0000000773580000)
 ParOldGen       total 175104K, used 9617K [0x00000006c0000000, 0x00000006cab00000, 0x000000076ab00000)
  object space 175104K, 5% used [0x00000006c0000000,0x00000006c0964680,0x00000006cab00000)
 Metaspace       used 20142K, capacity 20608K, committed 20864K, reserved 1067008K
  class space    used 2405K, capacity 2561K, committed 2688K, reserved 1048576K
}
Event: 2.494 GC heap before
{Heap before GC invocations=5 (full 0):
 PSYoungGen      total 141824K, used 34263K [0x000000076ab00000, 0x0000000774000000, 0x00000007c0000000)
  eden space 131072K, 17% used [0x000000076ab00000,0x000000076c1fbe40,0x0000000772b00000)
  from space 10752K, 99% used [0x0000000773580000,0x0000000773ff9eb0,0x0000000774000000)
  to   space 10752K, 0% used [0x0000000772b00000,0x0000000772b00000,0x0000000773580000)
 ParOldGen       total 175104K, used 9617K [0x00000006c0000000, 0x00000006cab00000, 0x000000076ab00000)
  object space 175104K, 5% used [0x00000006c0000000,0x00000006c0964680,0x00000006cab00000)
 Metaspace       used 20680K, capacity 21184K, committed 21296K, reserved 1069056K
  class space    used 2435K, capacity 2625K, committed 2688K, reserved 1048576K
Event: 2.510 GC heap after
Heap after GC invocations=5 (full 0):
 PSYoungGen      total 141824K, used 10748K [0x000000076ab00000, 0x000000077d500000, 0x00000007c0000000)
  eden space 131072K, 0% used [0x000000076ab00000,0x000000076ab00000,0x0000000772b00000)
  from space 10752K, 99% used [0x0000000772b00000,0x000000077357f2c0,0x0000000773580000)
  to   space 21504K, 0% used [0x000000077c000000,0x000000077c000000,0x000000077d500000)
 ParOldGen       total 175104K, used 15750K [0x00000006c0000000, 0x00000006cab00000, 0x000000076ab00000)
  object space 175104K, 8% used [0x00000006c0000000,0x00000006c0f61928,0x00000006cab00000)
 Metaspace       used 20680K, capacity 21184K, committed 21296K, reserved 1069056K
  class space    used 2435K, capacity 2625K, committed 2688K, reserved 1048576K
}
Event: 2.510 GC heap before
{Heap before GC invocations=6 (full 1):
 PSYoungGen      total 141824K, used 10748K [0x000000076ab00000, 0x000000077d500000, 0x00000007c0000000)
  eden space 131072K, 0% used [0x000000076ab00000,0x000000076ab00000,0x0000000772b00000)
  from space 10752K, 99% used [0x0000000772b00000,0x000000077357f2c0,0x0000000773580000)
  to   space 21504K, 0% used [0x000000077c000000,0x000000077c000000,0x000000077d500000)
 ParOldGen       total 175104K, used 15750K [0x00000006c0000000, 0x00000006cab00000, 0x000000076ab00000)
  object space 175104K, 8% used [0x00000006c0000000,0x00000006c0f61928,0x00000006cab00000)
 Metaspace       used 20680K, capacity 21184K, committed 21296K, reserved 1069056K
  class space    used 2435K, capacity 2625K, committed 2688K, reserved 1048576K
Event: 2.573 GC heap after
Heap after GC invocations=6 (full 1):
 PSYoungGen      total 141824K, used 0K [0x000000076ab00000, 0x000000077d500000, 0x00000007c0000000)
  eden space 131072K, 0% used [0x000000076ab00000,0x000000076ab00000,0x0000000772b00000)
  from space 10752K, 0% used [0x0000000772b00000,0x0000000772b00000,0x0000000773580000)
  to   space 21504K, 0% used [0x000000077c000000,0x000000077c000000,0x000000077d500000)
 ParOldGen       total 129536K, used 24237K [0x00000006c0000000, 0x00000006c7e80000, 0x000000076ab00000)
  object space 129536K, 18% used [0x00000006c0000000,0x00000006c17ab640,0x00000006c7e80000)
 Metaspace       used 20680K, capacity 21184K, committed 21296K, reserved 1069056K
  class space    used 2435K, capacity 2625K, committed 2688K, reserved 1048576K
}
Event: 3.815 GC heap before
{Heap before GC invocations=7 (full 1):
 PSYoungGen      total 141824K, used 131072K [0x000000076ab00000, 0x000000077d500000, 0x00000007c0000000)
  eden space 131072K, 100% used [0x000000076ab00000,0x0000000772b00000,0x0000000772b00000)
  from space 10752K, 0% used [0x0000000772b00000,0x0000000772b00000,0x0000000773580000)
  to   space 21504K, 0% used [0x000000077c000000,0x000000077c000000,0x000000077d500000)
 ParOldGen       total 129536K, used 24237K [0x00000006c0000000, 0x00000006c7e80000, 0x000000076ab00000)
  object space 129536K, 18% used [0x00000006c0000000,0x00000006c17ab640,0x00000006c7e80000)
 Metaspace       used 22709K, capacity 23206K, committed 23552K, reserved 1071104K
  class space    used 2569K, capacity 2722K, committed 2816K, reserved 1048576K
Event: 3.827 GC heap after
Heap after GC invocations=7 (full 1):
 PSYoungGen      total 208896K, used 12873K [0x000000076ab00000, 0x000000077cd00000, 0x00000007c0000000)
  eden space 195584K, 0% used [0x000000076ab00000,0x000000076ab00000,0x0000000776a00000)
  from space 13312K, 96% used [0x000000077c000000,0x000000077cc92448,0x000000077cd00000)
  to   space 20480K, 0% used [0x000000077a500000,0x000000077a500000,0x000000077b900000)
 ParOldGen       total 129536K, used 24245K [0x00000006c0000000, 0x00000006c7e80000, 0x000000076ab00000)
  object space 129536K, 18% used [0x00000006c0000000,0x00000006c17ad640,0x00000006c7e80000)
 Metaspace       used 22709K, capacity 23206K, committed 23552K, reserved 1071104K
  class space    used 2569K, capacity 2722K, committed 2816K, reserved 1048576K
}
Event: 4.692 GC heap before
{Heap before GC invocations=8 (full 1):
 PSYoungGen      total 208896K, used 208457K [0x000000076ab00000, 0x000000077cd00000, 0x00000007c0000000)
  eden space 195584K, 100% used [0x000000076ab00000,0x0000000776a00000,0x0000000776a00000)
  from space 13312K, 96% used [0x000000077c000000,0x000000077cc92448,0x000000077cd00000)
  to   space 20480K, 0% used [0x000000077a500000,0x000000077a500000,0x000000077b900000)
 ParOldGen       total 129536K, used 24245K [0x00000006c0000000, 0x00000006c7e80000, 0x000000076ab00000)
  object space 129536K, 18% used [0x00000006c0000000,0x00000006c17ad640,0x00000006c7e80000)
 Metaspace       used 23821K, capacity 24350K, committed 24704K, reserved 1071104K
  class space    used 2650K, capacity 2821K, committed 2944K, reserved 1048576K
Event: 4.701 GC heap after
Heap after GC invocations=8 (full 1):
 PSYoungGen      total 276480K, used 5885K [0x000000076ab00000, 0x000000077e900000, 0x00000007c0000000)
  eden space 256000K, 0% used [0x000000076ab00000,0x000000076ab00000,0x000000077a500000)
  from space 20480K, 28% used [0x000000077a500000,0x000000077aabf610,0x000000077b900000)
  to   space 20992K, 0% used [0x000000077d480000,0x000000077d480000,0x000000077e900000)
 ParOldGen       total 129536K, used 24253K [0x00000006c0000000, 0x00000006c7e80000, 0x000000076ab00000)
  object space 129536K, 18% used [0x00000006c0000000,0x00000006c17af640,0x00000006c7e80000)
 Metaspace       used 23821K, capacity 24350K, committed 24704K, reserved 1071104K
  class space    used 2650K, capacity 2821K, committed 2944K, reserved 1048576K
}
Event: 15.118 GC heap before
{Heap before GC invocations=9 (full 1):
 PSYoungGen      total 276480K, used 215301K [0x000000076ab00000, 0x000000077e900000, 0x00000007c0000000)
  eden space 256000K, 81% used [0x000000076ab00000,0x00000007777820d8,0x000000077a500000)
  from space 20480K, 28% used [0x000000077a500000,0x000000077aabf610,0x000000077b900000)
  to   space 20992K, 0% used [0x000000077d480000,0x000000077d480000,0x000000077e900000)
 ParOldGen       total 129536K, used 24253K [0x00000006c0000000, 0x00000006c7e80000, 0x000000076ab00000)
  object space 129536K, 18% used [0x00000006c0000000,0x00000006c17af640,0x00000006c7e80000)
 Metaspace       used 28530K, capacity 29234K, committed 29568K, reserved 1075200K
  class space    used 3159K, capacity 3419K, committed 3456K, reserved 1048576K

Deoptimization events (10 events):
Event: 14.999 Thread 0x00007f93d880b800 Uncommon trap: reason=unstable_if action=reinterpret pc=0x00000001078826e0 method=java.util.regex.Pattern.sequence(Ljava/util/regex/Pattern$Node;)Ljava/util/regex/Pattern$Node; @ 536
Event: 15.001 Thread 0x00007f93d880b800 Uncommon trap: reason=class_check action=maybe_recompile pc=0x0000000107715354 method=java.lang.AbstractStringBuilder.append(Ljava/lang/CharSequence;)Ljava/lang/AbstractStringBuilder; @ 37
Event: 15.001 Thread 0x00007f93d880b800 Uncommon trap: reason=class_check action=maybe_recompile pc=0x0000000107715354 method=java.lang.AbstractStringBuilder.append(Ljava/lang/CharSequence;)Ljava/lang/AbstractStringBuilder; @ 37
Event: 15.001 Thread 0x00007f93d880b800 Uncommon trap: reason=unstable_if action=reinterpret pc=0x0000000106adc1bc method=java.util.regex.Pattern.RemoveQEQuoting()V @ 41
Event: 15.014 Thread 0x00007f93d880b800 Uncommon trap: reason=speculate_class_check action=maybe_recompile pc=0x00000001077e3238 method=org.jacoco.core.internal.analysis.CounterImpl.increment(Lorg/jacoco/core/analysis/ICounter;)Lorg/jacoco/core/internal/analysis/CounterImpl; @ 13
Event: 15.014 Thread 0x00007f93d880b800 Uncommon trap: reason=speculate_class_check action=maybe_recompile pc=0x00000001077e3238 method=org.jacoco.core.internal.analysis.CounterImpl.increment(Lorg/jacoco/core/analysis/ICounter;)Lorg/jacoco/core/internal/analysis/CounterImpl; @ 13
Event: 15.014 Thread 0x00007f93d880b800 Uncommon trap: reason=speculate_class_check action=maybe_recompile pc=0x00000001077e3238 method=org.jacoco.core.internal.analysis.CounterImpl.increment(Lorg/jacoco/core/analysis/ICounter;)Lorg/jacoco/core/internal/analysis/CounterImpl; @ 13
Event: 15.019 Thread 0x00007f93d880b800 Uncommon trap: reason=unstable_if action=reinterpret pc=0x00000001077e2e7c method=org.jacoco.core.internal.analysis.LineImpl.getInstance(Lorg/jacoco/core/internal/analysis/CounterImpl;Lorg/jacoco/core/internal/analysis/CounterImpl;)Lorg/jacoco/core/intern
Event: 15.019 Thread 0x00007f93d880b800 Uncommon trap: reason=unstable_if action=reinterpret pc=0x00000001077ab240 method=org.jacoco.core.internal.analysis.LineImpl.getInstance(Lorg/jacoco/core/internal/analysis/CounterImpl;Lorg/jacoco/core/internal/analysis/CounterImpl;)Lorg/jacoco/core/intern
Event: 15.118 Thread 0x00007f93d880b800 Uncommon trap: reason=unstable_if action=reinterpret pc=0x000000010785102c method=java.util.Formatter$Flags.parse(Ljava/lang/String;)Ljava/util/Formatter$Flags; @ 19

Internal exceptions (10 events):
Event: 3.224 Thread 0x00007f93d880b800 Exception <a 'java/io/FileNotFoundException'> (0x000000076debba98) thrown at [/HUDSON3/workspace/8-2-build-macosx-x86_64/jdk8u66/4988/hotspot/src/share/vm/prims/jni.cpp, line 709]
Event: 4.186 Thread 0x00007f93d880b800 Implicit null exception at 0x0000000107613ec0 to 0x000000010761482d
Event: 4.268 Thread 0x00007f93d880b800 Implicit null exception at 0x000000010762fc8f to 0x0000000107632a35
Event: 4.531 Thread 0x00007f93d880b800 Exception <a 'java/lang/NoClassDefFoundError': org/slf4j/Logger> (0x000000077553dea0) thrown at [/HUDSON3/workspace/8-2-build-macosx-x86_64/jdk8u66/4988/hotspot/src/share/vm/oops/constantPool.cpp, line 235]
Event: 4.619 Thread 0x00007f93da84b800 Implicit null exception at 0x0000000106cc7b48 to 0x0000000106cc7c11
Event: 4.634 Thread 0x00007f93d880b800 Implicit null exception at 0x000000010772c31c to 0x000000010772c62d
Event: 12.484 Thread 0x00007f93d880b800 Implicit null exception at 0x0000000107737965 to 0x0000000107737eb5
Event: 12.484 Thread 0x00007f93d880b800 Implicit null exception at 0x00000001070f5c89 to 0x00000001070f629a
Event: 13.102 Thread 0x00007f93d880b800 Exception <a 'java/lang/NoClassDefFoundError': org/slf4j/Logger> (0x0000000773784f00) thrown at [/HUDSON3/workspace/8-2-build-macosx-x86_64/jdk8u66/4988/hotspot/src/share/vm/oops/constantPool.cpp, line 235]
Event: 15.053 Thread 0x00007f93d880b800 Exception <a 'java/lang/NoClassDefFoundError': org/slf4j/Logger> (0x00000007775a8430) thrown at [/HUDSON3/workspace/8-2-build-macosx-x86_64/jdk8u66/4988/hotspot/src/share/vm/oops/constantPool.cpp, line 235]

Events (10 events):
Event: 15.115 loading class org/apache/maven/artifact/repository/metadata/SnapshotArtifactRepositoryMetadata
Event: 15.115 loading class org/apache/maven/artifact/repository/metadata/SnapshotArtifactRepositoryMetadata done
Event: 15.116 loading class org/apache/maven/artifact/repository/metadata/AbstractRepositoryMetadata
Event: 15.116 loading class org/apache/maven/artifact/repository/metadata/AbstractRepositoryMetadata done
Event: 15.117 loading class org/apache/maven/artifact/repository/metadata/ArtifactRepositoryMetadata
Event: 15.117 loading class org/apache/maven/artifact/repository/metadata/ArtifactRepositoryMetadata done
Event: 15.118 Thread 0x00007f93d880b800 Uncommon trap: trap_request=0xffffff65 fr.pc=0x000000010785102c
Event: 15.118 Thread 0x00007f93d880b800 DEOPT PACKING pc=0x000000010785102c sp=0x0000700000217c60
Event: 15.118 Thread 0x00007f93d880b800 DEOPT UNPACKING pc=0x000000010638b229 sp=0x0000700000217b68 mode 2
Event: 15.118 Executing VM operation: ParallelGCSystemGC


Dynamic libraries:
0x00000000087ad000 	/System/Library/Frameworks/Cocoa.framework/Versions/A/Cocoa
0x00000000087ad000 	/System/Library/Frameworks/Security.framework/Versions/A/Security
0x00000000087ad000 	/System/Library/Frameworks/ApplicationServices.framework/Versions/A/ApplicationServices
0x00000000087ad000 	/usr/lib/libz.1.dylib
0x00000000087ad000 	/usr/lib/libSystem.B.dylib
0x00000000087ad000 	/usr/lib/libobjc.A.dylib
0x00000000087ad000 	/System/Library/Frameworks/CoreFoundation.framework/Versions/A/CoreFoundation
0x00000000087ad000 	/System/Library/Frameworks/Foundation.framework/Versions/C/Foundation
0x00000000087ad000 	/System/Library/Frameworks/AppKit.framework/Versions/C/AppKit
0x00000000087ad000 	/System/Library/Frameworks/CoreData.framework/Versions/A/CoreData
0x00000000087ad000 	/System/Library/PrivateFrameworks/RemoteViewServices.framework/Versions/A/RemoteViewServices
0x00000000087ad000 	/System/Library/PrivateFrameworks/UIFoundation.framework/Versions/A/UIFoundation
0x00000000087ad000 	/usr/lib/libScreenReader.dylib
0x00000000087ad000 	/System/Library/Frameworks/Accelerate.framework/Versions/A/Accelerate
0x00000000087ad000 	/System/Library/Frameworks/IOSurface.framework/Versions/A/IOSurface
0x00000000087ad000 	/System/Library/Frameworks/AudioToolbox.framework/Versions/A/AudioToolbox
0x00000000087ad000 	/System/Library/Frameworks/AudioUnit.framework/Versions/A/AudioUnit
0x00000000087ad000 	/System/Library/PrivateFrameworks/DataDetectorsCore.framework/Versions/A/DataDetectorsCore
0x00000000087ad000 	/System/Library/PrivateFrameworks/DesktopServicesPriv.framework/Versions/A/DesktopServicesPriv
0x00000000087ad000 	/System/Library/Frameworks/Carbon.framework/Versions/A/Frameworks/HIToolbox.framework/Versions/A/HIToolbox
0x00000000087ad000 	/System/Library/Frameworks/QuartzCore.framework/Versions/A/QuartzCore
0x00000000087ad000 	/System/Library/Frameworks/Carbon.framework/Versions/A/Frameworks/SpeechRecognition.framework/Versions/A/SpeechRecognition
0x00000000087ad000 	/usr/lib/libauto.dylib
0x00000000087ad000 	/usr/lib/libicucore.A.dylib
0x00000000087ad000 	/usr/lib/libxml2.2.dylib
0x00000000087ad000 	/System/Library/PrivateFrameworks/CoreUI.framework/Versions/A/CoreUI
0x00000000087ad000 	/System/Library/Frameworks/CoreAudio.framework/Versions/A/CoreAudio
0x00000000087ad000 	/System/Library/Frameworks/DiskArbitration.framework/Versions/A/DiskArbitration
0x00000000087ad000 	/usr/lib/liblangid.dylib
0x00000000087ad000 	/System/Library/PrivateFrameworks/MultitouchSupport.framework/Versions/A/MultitouchSupport
0x00000000087ad000 	/System/Library/Frameworks/IOKit.framework/Versions/A/IOKit
0x00000000087ad000 	/usr/lib/libDiagnosticMessagesClient.dylib
0x00000000087ad000 	/System/Library/Frameworks/CoreServices.framework/Versions/A/CoreServices
0x00000000087ad000 	/System/Library/PrivateFrameworks/PerformanceAnalysis.framework/Versions/A/PerformanceAnalysis
0x00000000087ad000 	/System/Library/PrivateFrameworks/GenerationalStorage.framework/Versions/A/GenerationalStorage
0x00000000087ad000 	/System/Library/Frameworks/OpenGL.framework/Versions/A/OpenGL
0x00000000087ad000 	/System/Library/PrivateFrameworks/Sharing.framework/Versions/A/Sharing
0x00000000087ad000 	/System/Library/Frameworks/CoreGraphics.framework/Versions/A/CoreGraphics
0x00000000087ad000 	/System/Library/Frameworks/CoreImage.framework/Versions/A/CoreImage
0x00000000087ad000 	/System/Library/Frameworks/CoreText.framework/Versions/A/CoreText
0x00000000087ad000 	/System/Library/Frameworks/ImageIO.framework/Versions/A/ImageIO
0x00000000087ad000 	/System/Library/PrivateFrameworks/Backup.framework/Versions/A/Backup
0x00000000087ad000 	/usr/lib/libextension.dylib
0x00000000087ad000 	/usr/lib/libarchive.2.dylib
0x00000000087ad000 	/System/Library/Frameworks/CFNetwork.framework/Versions/A/CFNetwork
0x00000000087ad000 	/System/Library/Frameworks/SystemConfiguration.framework/Versions/A/SystemConfiguration
0x00000000087ad000 	/usr/lib/libCRFSuite.dylib
0x00000000087ad000 	/usr/lib/libc++.1.dylib
0x00000000087ad000 	/usr/lib/libc++abi.dylib
0x00000000087ad000 	/usr/lib/system/libcache.dylib
0x00000000087ad000 	/usr/lib/system/libcommonCrypto.dylib
0x00000000087ad000 	/usr/lib/system/libcompiler_rt.dylib
0x00000000087ad000 	/usr/lib/system/libcopyfile.dylib
0x00000000087ad000 	/usr/lib/system/libcorecrypto.dylib
0x00000000087ad000 	/usr/lib/system/libdispatch.dylib
0x00000000087ad000 	/usr/lib/system/libdyld.dylib
0x00000000087ad000 	/usr/lib/system/libkeymgr.dylib
0x00000000087ad000 	/usr/lib/system/liblaunch.dylib
0x00000000087ad000 	/usr/lib/system/libmacho.dylib
0x00000000087ad000 	/usr/lib/system/libquarantine.dylib
0x00000000087ad000 	/usr/lib/system/libremovefile.dylib
0x00000000087ad000 	/usr/lib/system/libsystem_asl.dylib
0x00000000087ad000 	/usr/lib/system/libsystem_blocks.dylib
0x00000000087ad000 	/usr/lib/system/libsystem_c.dylib
0x00000000087ad000 	/usr/lib/system/libsystem_configuration.dylib
0x00000000087ad000 	/usr/lib/system/libsystem_coreservices.dylib
0x00000000087ad000 	/usr/lib/system/libsystem_coretls.dylib
0x00000000087ad000 	/usr/lib/system/libsystem_dnssd.dylib
0x00000000087ad000 	/usr/lib/system/libsystem_info.dylib
0x00000000087ad000 	/usr/lib/system/libsystem_kernel.dylib
0x00000000087ad000 	/usr/lib/system/libsystem_m.dylib
0x00000000087ad000 	/usr/lib/system/libsystem_malloc.dylib
0x00000000087ad000 	/usr/lib/system/libsystem_network.dylib
0x00000000087ad000 	/usr/lib/system/libsystem_networkextension.dylib
0x00000000087ad000 	/usr/lib/system/libsystem_notify.dylib
0x00000000087ad000 	/usr/lib/system/libsystem_platform.dylib
0x00000000087ad000 	/usr/lib/system/libsystem_pthread.dylib
0x00000000087ad000 	/usr/lib/system/libsystem_sandbox.dylib
0x00000000087ad000 	/usr/lib/system/libsystem_secinit.dylib
0x00000000087ad000 	/usr/lib/system/libsystem_trace.dylib
0x00000000087ad000 	/usr/lib/system/libunc.dylib
0x00000000087ad000 	/usr/lib/system/libunwind.dylib
0x00000000087ad000 	/usr/lib/system/libxpc.dylib
0x00000000087ad000 	/usr/lib/libenergytrace.dylib
0x00000000087ad000 	/usr/lib/libbsm.0.dylib
0x00000000087ad000 	/usr/lib/system/libkxld.dylib
0x00000000087ad000 	/usr/lib/libxar.1.dylib
0x00000000087ad000 	/usr/lib/libsqlite3.dylib
0x00000000087ad000 	/usr/lib/libpam.2.dylib
0x00000000087ad000 	/usr/lib/libOpenScriptingUtil.dylib
0x00000000087ad000 	/usr/lib/libbz2.1.0.dylib
0x00000000087ad000 	/usr/lib/liblzma.5.dylib
0x00000000087ad000 	/System/Library/Frameworks/CoreServices.framework/Versions/A/Frameworks/FSEvents.framework/Versions/A/FSEvents
0x00000000087ad000 	/System/Library/Frameworks/CoreServices.framework/Versions/A/Frameworks/CarbonCore.framework/Versions/A/CarbonCore
0x00000000087ad000 	/System/Library/Frameworks/CoreServices.framework/Versions/A/Frameworks/Metadata.framework/Versions/A/Metadata
0x00000000087ad000 	/System/Library/Frameworks/CoreServices.framework/Versions/A/Frameworks/OSServices.framework/Versions/A/OSServices
0x00000000087ad000 	/System/Library/Frameworks/CoreServices.framework/Versions/A/Frameworks/SearchKit.framework/Versions/A/SearchKit
0x00000000087ad000 	/System/Library/Frameworks/CoreServices.framework/Versions/A/Frameworks/AE.framework/Versions/A/AE
0x00000000087ad000 	/System/Library/Frameworks/CoreServices.framework/Versions/A/Frameworks/LaunchServices.framework/Versions/A/LaunchServices
0x00000000087ad000 	/System/Library/Frameworks/CoreServices.framework/Versions/A/Frameworks/DictionaryServices.framework/Versions/A/DictionaryServices
0x00000000087ad000 	/System/Library/Frameworks/CoreServices.framework/Versions/A/Frameworks/SharedFileList.framework/Versions/A/SharedFileList
0x00000000087ad000 	/System/Library/Frameworks/NetFS.framework/Versions/A/NetFS
0x00000000087ad000 	/System/Library/PrivateFrameworks/NetAuth.framework/Versions/A/NetAuth
0x00000000087ad000 	/System/Library/PrivateFrameworks/login.framework/Versions/A/Frameworks/loginsupport.framework/Versions/A/loginsupport
0x00000000087ad000 	/System/Library/PrivateFrameworks/TCC.framework/Versions/A/TCC
0x00000000087ad000 	/usr/lib/libmecabra.dylib
0x00000000087ad000 	/System/Library/Frameworks/ApplicationServices.framework/Versions/A/Frameworks/ATS.framework/Versions/A/ATS
0x00000000087ad000 	/System/Library/Frameworks/ApplicationServices.framework/Versions/A/Frameworks/ColorSync.framework/Versions/A/ColorSync
0x00000000087ad000 	/System/Library/Frameworks/ApplicationServices.framework/Versions/A/Frameworks/HIServices.framework/Versions/A/HIServices
0x00000000087ad000 	/System/Library/Frameworks/ApplicationServices.framework/Versions/A/Frameworks/LangAnalysis.framework/Versions/A/LangAnalysis
0x00000000087ad000 	/System/Library/Frameworks/ApplicationServices.framework/Versions/A/Frameworks/PrintCore.framework/Versions/A/PrintCore
0x00000000087ad000 	/System/Library/Frameworks/ApplicationServices.framework/Versions/A/Frameworks/QD.framework/Versions/A/QD
0x00000000087ad000 	/System/Library/Frameworks/ApplicationServices.framework/Versions/A/Frameworks/SpeechSynthesis.framework/Versions/A/SpeechSynthesis
0x00000000087ad000 	/System/Library/Frameworks/Metal.framework/Versions/A/Metal
0x00000000087ad000 	/System/Library/Frameworks/Accelerate.framework/Versions/A/Frameworks/vImage.framework/Versions/A/vImage
0x00000000087ad000 	/System/Library/Frameworks/Accelerate.framework/Versions/A/Frameworks/vecLib.framework/Versions/A/vecLib
0x00000000087ad000 	/System/Library/Frameworks/Accelerate.framework/Versions/A/Frameworks/vecLib.framework/Versions/A/libvDSP.dylib
0x00000000087ad000 	/System/Library/Frameworks/Accelerate.framework/Versions/A/Frameworks/vecLib.framework/Versions/A/libvMisc.dylib
0x00000000087ad000 	/System/Library/Frameworks/Accelerate.framework/Versions/A/Frameworks/vecLib.framework/Versions/A/libLAPACK.dylib
0x00000000087ad000 	/System/Library/Frameworks/Accelerate.framework/Versions/A/Frameworks/vecLib.framework/Versions/A/libBLAS.dylib
0x00000000087ad000 	/System/Library/Frameworks/Accelerate.framework/Versions/A/Frameworks/vecLib.framework/Versions/A/libLinearAlgebra.dylib
0x00000000087ad000 	/System/Library/Frameworks/Accelerate.framework/Versions/A/Frameworks/vecLib.framework/Versions/A/libSparseBLAS.dylib
0x00000000087ad000 	/System/Library/PrivateFrameworks/GPUCompiler.framework/libmetal_timestamp.dylib
0x00000000087ad000 	/System/Library/Frameworks/OpenGL.framework/Versions/A/Libraries/libCoreFSCache.dylib
0x00000000087ad000 	/System/Library/PrivateFrameworks/IOAccelerator.framework/Versions/A/IOAccelerator
0x00000000087ad000 	/System/Library/Frameworks/ApplicationServices.framework/Versions/A/Frameworks/ATS.framework/Versions/A/Resources/libFontParser.dylib
0x00000000087ad000 	/System/Library/Frameworks/ApplicationServices.framework/Versions/A/Frameworks/ATS.framework/Versions/A/Resources/libFontRegistry.dylib
0x00000000087ad000 	/System/Library/PrivateFrameworks/AppleVPA.framework/Versions/A/AppleVPA
0x00000000087ad000 	/System/Library/PrivateFrameworks/AppleJPEG.framework/Versions/A/AppleJPEG
0x00000000087ad000 	/System/Library/Frameworks/ImageIO.framework/Versions/A/Resources/libJPEG.dylib
0x00000000087ad000 	/System/Library/Frameworks/ImageIO.framework/Versions/A/Resources/libTIFF.dylib
0x00000000087ad000 	/System/Library/Frameworks/ImageIO.framework/Versions/A/Resources/libPng.dylib
0x00000000087ad000 	/System/Library/Frameworks/ImageIO.framework/Versions/A/Resources/libGIF.dylib
0x00000000087ad000 	/System/Library/Frameworks/ImageIO.framework/Versions/A/Resources/libJP2.dylib
0x00000000087ad000 	/System/Library/Frameworks/ImageIO.framework/Versions/A/Resources/libRadiance.dylib
0x00000000087ad000 	/System/Library/Frameworks/CoreVideo.framework/Versions/A/CoreVideo
0x00000000087ad000 	/System/Library/Frameworks/OpenGL.framework/Versions/A/Libraries/libGLU.dylib
0x00000000087ad000 	/System/Library/Frameworks/OpenGL.framework/Versions/A/Libraries/libGFXShared.dylib
0x00000000087ad000 	/System/Library/Frameworks/OpenGL.framework/Versions/A/Libraries/libGL.dylib
0x00000000087ad000 	/System/Library/Frameworks/OpenGL.framework/Versions/A/Libraries/libGLImage.dylib
0x00000000087ad000 	/System/Library/Frameworks/OpenGL.framework/Versions/A/Libraries/libCVMSPluginSupport.dylib
0x00000000087ad000 	/System/Library/Frameworks/OpenGL.framework/Versions/A/Libraries/libCoreVMClient.dylib
0x00000000087ad000 	/usr/lib/libcups.2.dylib
0x00000000087ad000 	/System/Library/Frameworks/Kerberos.framework/Versions/A/Kerberos
0x00000000087ad000 	/System/Library/Frameworks/GSS.framework/Versions/A/GSS
0x00000000087ad000 	/usr/lib/libresolv.9.dylib
0x00000000087ad000 	/usr/lib/libiconv.2.dylib
0x00000000087ad000 	/System/Library/PrivateFrameworks/Heimdal.framework/Versions/A/Heimdal
0x00000000087ad000 	/usr/lib/libheimdal-asn1.dylib
0x00000000087ad000 	/System/Library/Frameworks/OpenDirectory.framework/Versions/A/OpenDirectory
0x00000000087ad000 	/System/Library/PrivateFrameworks/CommonAuth.framework/Versions/A/CommonAuth
0x00000000087ad000 	/System/Library/Frameworks/OpenDirectory.framework/Versions/A/Frameworks/CFOpenDirectory.framework/Versions/A/CFOpenDirectory
0x00000000087ad000 	/System/Library/Frameworks/SecurityFoundation.framework/Versions/A/SecurityFoundation
0x00000000087ad000 	/System/Library/PrivateFrameworks/LanguageModeling.framework/Versions/A/LanguageModeling
0x00000000087ad000 	/usr/lib/libmarisa.dylib
0x00000000087ad000 	/usr/lib/libChineseTokenizer.dylib
0x00000000087ad000 	/usr/lib/libcmph.dylib
0x00000000087ad000 	/usr/lib/libcompression.dylib
0x00000000087ad000 	/System/Library/Frameworks/ServiceManagement.framework/Versions/A/ServiceManagement
0x00000000087ad000 	/usr/lib/libxslt.1.dylib
0x00000000087ad000 	/System/Library/Frameworks/Carbon.framework/Versions/A/Frameworks/Ink.framework/Versions/A/Ink
0x00000000087ad000 	/usr/lib/libFosl_dynamic.dylib
0x00000000087ad000 	/System/Library/PrivateFrameworks/FaceCore.framework/Versions/A/FaceCore
0x00000000087ad000 	/System/Library/Frameworks/OpenCL.framework/Versions/A/OpenCL
0x00000000087ad000 	/System/Library/PrivateFrameworks/CrashReporterSupport.framework/Versions/A/CrashReporterSupport
0x00000000087ad000 	/System/Library/PrivateFrameworks/IconServices.framework/Versions/A/IconServices
0x00000000087ad000 	/System/Library/PrivateFrameworks/Apple80211.framework/Versions/A/Apple80211
0x00000000087ad000 	/System/Library/Frameworks/CoreWLAN.framework/Versions/A/CoreWLAN
0x00000000087ad000 	/System/Library/Frameworks/IOBluetooth.framework/Versions/A/IOBluetooth
0x00000000087ad000 	/System/Library/PrivateFrameworks/CoreWiFi.framework/Versions/A/CoreWiFi
0x00000000087ad000 	/System/Library/Frameworks/CoreBluetooth.framework/Versions/A/CoreBluetooth
0x00000000087ad000 	/System/Library/PrivateFrameworks/ChunkingLibrary.framework/Versions/A/ChunkingLibrary
0x00000000087ad000 	/System/Library/PrivateFrameworks/DebugSymbols.framework/Versions/A/DebugSymbols
0x00000000087ad000 	/System/Library/PrivateFrameworks/CoreSymbolication.framework/Versions/A/CoreSymbolication
0x00000000087ad000 	/System/Library/PrivateFrameworks/Symbolication.framework/Versions/A/Symbolication
0x00000000087ad000 	/System/Library/PrivateFrameworks/SpeechRecognitionCore.framework/Versions/A/SpeechRecognitionCore
0x0000000105400000 	/Library/Java/JavaVirtualMachines/jdk1.8.0_66.jdk/Contents/Home/jre/lib/server/libjvm.dylib
0x00000000087ad000 	/usr/lib/libstdc++.6.dylib
0x000000010435b000 	/Library/Java/JavaVirtualMachines/jdk1.8.0_66.jdk/Contents/Home/jre/lib/libverify.dylib
0x0000000104369000 	/Library/Java/JavaVirtualMachines/jdk1.8.0_66.jdk/Contents/Home/jre/lib/libjava.dylib
0x00000001043a8000 	/Library/Java/JavaVirtualMachines/jdk1.8.0_66.jdk/Contents/Home/jre/lib/libzip.dylib
0x00000001213f3000 	/System/Library/Frameworks/JavaVM.framework/Frameworks/JavaRuntimeSupport.framework/JavaRuntimeSupport
0x000000012140e000 	/System/Library/Frameworks/JavaVM.framework/Versions/A/Frameworks/JavaNativeFoundation.framework/Versions/A/JavaNativeFoundation
0x0000000121423000 	/System/Library/Frameworks/JavaVM.framework/Versions/A/JavaVM
0x00000000087ad000 	/System/Library/Frameworks/Carbon.framework/Versions/A/Carbon
0x0000000121430000 	/System/Library/PrivateFrameworks/JavaLaunching.framework/Versions/A/JavaLaunching
0x00000000087ad000 	/System/Library/Frameworks/Carbon.framework/Versions/A/Frameworks/CommonPanels.framework/Versions/A/CommonPanels
0x00000000087ad000 	/System/Library/Frameworks/Carbon.framework/Versions/A/Frameworks/Help.framework/Versions/A/Help
0x00000000087ad000 	/System/Library/Frameworks/Carbon.framework/Versions/A/Frameworks/ImageCapture.framework/Versions/A/ImageCapture
0x00000000087ad000 	/System/Library/Frameworks/Carbon.framework/Versions/A/Frameworks/OpenScripting.framework/Versions/A/OpenScripting
0x00000000087ad000 	/System/Library/Frameworks/Carbon.framework/Versions/A/Frameworks/Print.framework/Versions/A/Print
0x00000000087ad000 	/System/Library/Frameworks/Carbon.framework/Versions/A/Frameworks/SecurityHI.framework/Versions/A/SecurityHI
0x0000000122d8c000 	/Applications/IntelliJ IDEA.app/Contents/bin/libbreakgen64.jnilib
0x0000000122d8f000 	/Library/Java/JavaVirtualMachines/jdk1.8.0_66.jdk/Contents/Home/jre/lib/libnet.dylib
0x0000000122ed4000 	/Library/Java/JavaVirtualMachines/jdk1.8.0_66.jdk/Contents/Home/jre/lib/libnio.dylib

VM Arguments:
jvm_args: -Dmaven.home=/Applications/IntelliJ IDEA.app/Contents/plugins/maven/lib/maven3 -Dclassworlds.conf=/Applications/IntelliJ IDEA.app/Contents/plugins/maven/lib/maven3/bin/m2.conf -Didea.launcher.port=7533 -Didea.launcher.bin.path=/Applications/IntelliJ IDEA.app/Contents/bin -Dfile.encoding=UTF-8 
java_command: com.intellij.rt.execution.application.AppMain org.codehaus.classworlds.Launcher -Didea.version=2016.1.1 install
java_class_path (initial): /Applications/IntelliJ IDEA.app/Contents/plugins/maven/lib/maven3/boot/plexus-classworlds-2.4.jar:/Applications/IntelliJ IDEA.app/Contents/lib/idea_rt.jar
Launcher Type: SUN_STANDARD

Environment Variables:
JAVA_HOME=/Library/Java/JavaVirtualMachines/jdk1.8.0_66.jdk/Contents/Home
PATH=/usr/local/bin:/usr/bin:/bin:/usr/sbin:/sbin
SHELL=/bin/bash

Signal Handlers:
SIGSEGV: [libjvm.dylib+0x5a65d5], sa_mask[0]=11111111011111110111111111111111, sa_flags=SA_ONSTACK|SA_RESTART|SA_SIGINFO
SIGBUS: [libjvm.dylib+0x5a65d5], sa_mask[0]=11111111011111110111111111111111, sa_flags=SA_RESTART|SA_SIGINFO
SIGFPE: [libjvm.dylib+0x4802e8], sa_mask[0]=11111111011111110111111111111111, sa_flags=SA_RESTART|SA_SIGINFO
SIGPIPE: [libjvm.dylib+0x4802e8], sa_mask[0]=11111111011111110111111111111111, sa_flags=SA_RESTART|SA_SIGINFO
SIGXFSZ: [libjvm.dylib+0x4802e8], sa_mask[0]=11111111011111110111111111111111, sa_flags=SA_RESTART|SA_SIGINFO
SIGILL: [libjvm.dylib+0x4802e8], sa_mask[0]=11111111011111110111111111111111, sa_flags=SA_RESTART|SA_SIGINFO
SIGUSR1: SIG_DFL, sa_mask[0]=00000000000000000000000000000000, sa_flags=none
SIGUSR2: [libjvm.dylib+0x47fe06], sa_mask[0]=00100000000000000000000000000000, sa_flags=SA_RESTART|SA_SIGINFO
SIGHUP: [libjvm.dylib+0x47e3dd], sa_mask[0]=11111111011111110111111111111111, sa_flags=SA_RESTART|SA_SIGINFO
SIGINT: [libjvm.dylib+0x47e3dd], sa_mask[0]=11111111011111110111111111111111, sa_flags=SA_RESTART|SA_SIGINFO
SIGTERM: [libjvm.dylib+0x47e3dd], sa_mask[0]=11111111011111110111111111111111, sa_flags=SA_RESTART|SA_SIGINFO
SIGQUIT: [libjvm.dylib+0x47e3dd], sa_mask[0]=11111111011111110111111111111111, sa_flags=SA_RESTART|SA_SIGINFO


---------------  S Y S T E M  ---------------

OS:Bsduname:Darwin 15.0.0 Darwin Kernel Version 15.0.0: Sat Sep 19 15:53:46 PDT 2015; root:xnu-3247.10.11~1/RELEASE_X86_64 x86_64
rlimit: STACK 8192k, CORE 0k, NPROC 709, NOFILE 10240, AS infinity
load average:4.59 5.09 5.16

CPU:total 8 (4 cores per cpu, 2 threads per core) family 6 model 70 stepping 1, cmov, cx8, fxsr, mmx, sse, sse2, sse3, ssse3, sse4.1, sse4.2, popcnt, avx, avx2, aes, clmul, erms, lzcnt, ht, tsc, tscinvbit, bmi1, bmi2

Memory: 4k page, physical 16777216k(1091548k free)

/proc/meminfo:


vm_info: Java HotSpot(TM) 64-Bit Server VM (25.66-b17) for bsd-amd64 JRE (1.8.0_66-b17), built on Oct  6 2015 16:09:13 by "java_re" with gcc 4.2.1 (Based on Apple Inc. build 5658) (LLVM build 2336.11.00)

time: Mon Apr 18 15:02:22 2016
elapsed time: 15 seconds (0d 0h 0m 15s)

