#
# A fatal error has been detected by the Java Runtime Environment:
#
#  SIGSEGV (0xb) at pc=0x0000000107f2a71e, pid=60964, tid=5891
#
# JRE version: Java(TM) SE Runtime Environment (8.0_66-b17) (build 1.8.0_66-b17)
# Java VM: Java HotSpot(TM) 64-Bit Server VM (25.66-b17 mixed mode bsd-amd64 compressed oops)
# Problematic frame:
# J 235 C1 java.net.URLClassLoader.findClass(Ljava/lang/String;)Ljava/lang/Class; (47 bytes) @ 0x0000000107f2a71e [0x0000000107f2a580+0x19e]
#
# Failed to write core dump. Core dumps have been disabled. To enable core dumping, try "ulimit -c unlimited" before starting Java again
#
# If you would like to submit a bug report, please visit:
#   http://bugreport.java.com/bugreport/crash.jsp
#

---------------  T H R E A D  ---------------

Current thread (0x00007ff53a80f000):  JavaThread "main" [_thread_in_Java, id=5891, stack(0x000070000011a000,0x000070000021a000)]

siginfo: si_signo: 11 (SIGSEGV), si_code: 1 (SEGV_MAPERR), si_addr: 0x0000000000000007

Registers:
RAX=0x0000000000000000, RBX=0x000000076ab3da18, RCX=0x00007ff53c950000, RDX=0x0000000000000004
RSP=0x0000700000213d62, RBP=0x0000700000216e78, RSI=0x0000000000000007, RDI=0x0000700000216d28
R8 =0x00000007c0016998, R9 =0x000000076ab596b8, R10=0x0000000000000000, R11=0x000000076ab59670
R12=0x0000000000000000, R13=0x00000000531b0837, R14=0x0000700000216e60, R15=0x00007ff53a80f000
RIP=0x0000000107f2a71e, EFLAGS=0x0000000000010246, ERR=0x0000000000000004
  TRAPNO=0x000000000000000e

Top of Stack: (sp=0x0000700000213d62)
0x0000700000213d62:   29a8000000a02513 6f18000000102519
0x0000700000213d72:   a8a8000000142079 b8180000001a250e
0x0000700000213d82:   63b8000000142514 60c0000000a02097
0x0000700000213d92:   2578000004da207c 5b38000000a2250f
0x0000700000213da2:   f338000070000021 6f18000000002516
0x0000700000213db2:   4b1800007ff52079 42300000001c2513
0x0000700000213dc2:   2578000000002075 4b9800000000250f
0x0000700000213dd2:   9ef0000070002513 ab3800007fff2510
0x0000700000213de2:   37a800000394250e f1f80d3576a220da
0x0000700000213df2:   000e0000000020c7 9230000000000000
0x0000700000213e02:   6738000070002096 6ef8000000012075
0x0000700000213e12:   5068000070002079 6dc0000000012513
0x0000700000213e22:   cef0000070002519 5028000000012512
0x0000700000213e32:   f338000070002513 5b4800007ff52516
0x0000700000213e42:   0ac0000070002519 4788000000012517
0x0000700000213e52:   2ba0000000002513 6080000000012503
0x0000700000213e62:   a28000007ff5207c 90d0000000012096
0x0000700000213e72:   c1e0000070002096 ffa000007000250e
0x0000700000213e82:   44600000000107dc f8b000007ff5209b
0x0000700000213e92:   6d40ffffffff20c7 6e00000000012519
0x0000700000213ea2:   f000000000072519 464000007ff53a80
0x0000700000213eb2:   3840000070000021 000100007ff52515
0x0000700000213ec2:   a0d0000000000000 4180000000012096
0x0000700000213ed2:   6cb8000000012082 aba8000000012096
0x0000700000213ee2:   5138000070002518 4c580000000120a4
0x0000700000213ef2:   4440000000012088 683800000001209b
0x0000700000213f02:   2578000000012519 90d000000000250f
0x0000700000213f12:   36e0000070002076 98b8000070002515
0x0000700000213f22:   253800000000208c bcf800007ff5250f
0x0000700000213f32:   6ee00000000720e9 4140000070002096
0x0000700000213f42:   6a10000070002082 478800000001207e
0x0000700000213f52:   6818000070002513 6b2800007ff52519 

Instructions: (pc=0x0000000107f2a71e)
0x0000000107f2a6fe:   01 00 00 01 48 8b f0 4c 89 44 24 48 90 90 90 90
0x0000000107f2a70e:   90 e8 c4 ce 00 00 48 83 f8 00 75 19 c8 be 30 6b
0x0000000107f2a71e:   a4 20 01 00 00 00 81 8e 20 01 00 00 00 01 00 00
0x0000000107f2a72e:   e9 c0 00 00 00 48 bf f8 1e 00 c0 07 00 00 00 8b 

Register to memory mapping:

RAX=0x0000000000000000 is an unknown value
RBX=0x000000076ab3da18 is an oop
sun.misc.Launcher$ExtClassLoader 
 - klass: 'sun/misc/Launcher$ExtClassLoader'
RCX=0x00007ff53c950000 is an unknown value
RDX=0x0000000000000004 is an unknown value
RSP=0x0000700000213d62 is pointing into the stack for thread: 0x00007ff53a80f000
RBP=0x0000700000216e78 is pointing into the stack for thread: 0x00007ff53a80f000
RSI=0x0000000000000007 is an unknown value
RDI=0x0000700000216d28 is pointing into the stack for thread: 0x00007ff53a80f000
R8 =0x00000007c0016998 is pointing into metadata
R9 =0x000000076ab596b8 is an oop
java.util.Stack 
 - klass: 'java/util/Stack'
R10=0x0000000000000000 is an unknown value
R11=0x000000076ab59670 is an oop
sun.misc.URLClassPath 
 - klass: 'sun/misc/URLClassPath'
R12=0x0000000000000000 is an unknown value
R13=0x00000000531b0837 is an unknown value
R14=0x0000700000216e60 is pointing into the stack for thread: 0x00007ff53a80f000
R15=0x00007ff53a80f000 is a thread


Stack: [0x000070000011a000,0x000070000021a000],  sp=0x0000700000213d62,  free space=999k
Native frames: (J=compiled Java code, j=interpreted, Vv=VM code, C=native code)
J 235 C1 java.net.URLClassLoader.findClass(Ljava/lang/String;)Ljava/lang/Class; (47 bytes) @ 0x0000000107f2a71e [0x0000000107f2a580+0x19e]
C  0x4b9800000000250f


---------------  P R O C E S S  ---------------

Java Threads: ( => current thread )
  0x00007ff53c068000 JavaThread "process reaper" daemon [_thread_blocked, id=23043, stack(0x00007000016df000,0x0000700001707000)]
  0x00007ff53e806000 JavaThread "Monitor Ctrl-Break" daemon [_thread_in_native, id=22531, stack(0x00007000015dc000,0x00007000016dc000)]
  0x00007ff53a83e800 JavaThread "Service Thread" daemon [_thread_blocked, id=21507, stack(0x00007000013d6000,0x00007000014d6000)]
  0x00007ff53d820000 JavaThread "C1 CompilerThread3" daemon [_thread_blocked, id=20995, stack(0x00007000012d3000,0x00007000013d3000)]
  0x00007ff53e003000 JavaThread "C2 CompilerThread2" daemon [_thread_blocked, id=20483, stack(0x00007000011d0000,0x00007000012d0000)]
  0x00007ff53d81e000 JavaThread "C2 CompilerThread1" daemon [_thread_blocked, id=19971, stack(0x00007000010cd000,0x00007000011cd000)]
  0x00007ff53a80c000 JavaThread "C2 CompilerThread0" daemon [_thread_blocked, id=19459, stack(0x0000700000fca000,0x00007000010ca000)]
  0x00007ff53a829800 JavaThread "Signal Dispatcher" daemon [_thread_blocked, id=18707, stack(0x0000700000ec7000,0x0000700000fc7000)]
  0x00007ff53d80b000 JavaThread "Finalizer" daemon [_thread_blocked, id=14339, stack(0x0000700000c3b000,0x0000700000d3b000)]
  0x00007ff53d80a000 JavaThread "Reference Handler" daemon [_thread_blocked, id=13827, stack(0x0000700000b38000,0x0000700000c38000)]
=>0x00007ff53a80f000 JavaThread "main" [_thread_in_Java, id=5891, stack(0x000070000011a000,0x000070000021a000)]

Other Threads:
  0x00007ff53d809800 VMThread [stack: 0x0000700000a35000,0x0000700000b35000] [id=13315]
  0x00007ff53c02e800 WatcherThread [stack: 0x00007000014d9000,0x00007000015d9000] [id=22019]

VM state:not at safepoint (normal execution)

VM Mutex/Monitor currently owned by a thread: None

Heap:
 PSYoungGen      total 76288K, used 65536K [0x000000076ab00000, 0x0000000770000000, 0x00000007c0000000)
  eden space 65536K, 100% used [0x000000076ab00000,0x000000076eb00000,0x000000076eb00000)
  from space 10752K, 0% used [0x000000076f580000,0x000000076f580000,0x0000000770000000)
  to   space 10752K, 0% used [0x000000076eb00000,0x000000076eb00000,0x000000076f580000)
 ParOldGen       total 175104K, used 0K [0x00000006c0000000, 0x00000006cab00000, 0x000000076ab00000)
  object space 175104K, 0% used [0x00000006c0000000,0x00000006c0000000,0x00000006cab00000)
 Metaspace       used 11809K, capacity 12098K, committed 12416K, reserved 1060864K
  class space    used 1478K, capacity 1581K, committed 1664K, reserved 1048576K

Card table byte_map: [0x0000000117146000,0x0000000117947000] byte_map_base: 0x0000000113b46000

Marking Bits: (ParMarkBitMap*) 0x00000001076dde20
 Begin Bits: [0x0000000117e9d000, 0x000000011be9d000)
 End Bits:   [0x000000011be9d000, 0x000000011fe9d000)

Polling page: 0x0000000105c61000

CodeCache: size=245760Kb used=4402Kb max_used=4402Kb free=241357Kb
 bounds [0x0000000107d86000, 0x00000001081d6000, 0x0000000116d86000]
 total_blobs=1564 nmethods=1244 adapters=233
 compilation: enabled

Compilation events (10 events):
Event: 1.010 Thread 0x00007ff53d820000 1240       3       jdk.internal.org.objectweb.asm.ClassWriter::newClass (9 bytes)
Event: 1.010 Thread 0x00007ff53d820000 nmethod 1240 0x00000001081cf6d0 code [0x00000001081cf840, 0x00000001081cf9e8]
Event: 1.010 Thread 0x00007ff53d820000 1241       3       java.lang.invoke.MethodType::insertParameterTypes (106 bytes)
Event: 1.012 Thread 0x00007ff53d820000 nmethod 1241 0x00000001081cfad0 code [0x00000001081cfd80, 0x00000001081d1088]
Event: 1.012 Thread 0x00007ff53d820000 1243       3       java.lang.invoke.MemberName::initResolved (53 bytes)
Event: 1.012 Thread 0x00007ff53d820000 nmethod 1243 0x00000001081d1b10 code [0x00000001081d1c80, 0x00000001081d1e50]
Event: 1.012 Thread 0x00007ff53d820000 1245       3       sun.invoke.util.BytecodeDescriptor::unparseSig (75 bytes)
Event: 1.013 Thread 0x00007ff53d820000 nmethod 1245 0x00000001081d1ed0 code [0x00000001081d2140, 0x00000001081d32e8]
Event: 1.013 Thread 0x00007ff53d820000 1244       3       java.util.AbstractList$Itr::<init> (6 bytes)
Event: 1.013 Thread 0x00007ff53d820000 nmethod 1244 0x00000001081d3c50 code [0x00000001081d3dc0, 0x00000001081d4010]

GC Heap History (0 events):
No events

Deoptimization events (10 events):
Event: 0.624 Thread 0x00007ff53a80f000 Uncommon trap: reason=class_check action=maybe_recompile pc=0x000000010808b7c8 method=java.lang.reflect.Executable.getAnnotation(Ljava/lang/Class;)Ljava/lang/annotation/Annotation; @ 11
Event: 0.638 Thread 0x00007ff53a80f000 Uncommon trap: reason=unstable_if action=reinterpret pc=0x000000010805d1ac method=java.util.HashMap.getNode(ILjava/lang/Object;)Ljava/util/HashMap$Node; @ 129
Event: 0.638 Thread 0x00007ff53a80f000 Uncommon trap: reason=unstable_if action=reinterpret pc=0x000000010806083c method=java.util.HashMap.getNode(ILjava/lang/Object;)Ljava/util/HashMap$Node; @ 129
Event: 0.687 Thread 0x00007ff53a80f000 Uncommon trap: reason=class_check action=maybe_recompile pc=0x000000010808b7c8 method=java.lang.reflect.Executable.getAnnotation(Ljava/lang/Class;)Ljava/lang/annotation/Annotation; @ 11
Event: 0.687 Thread 0x00007ff53a80f000 Uncommon trap: reason=class_check action=maybe_recompile pc=0x000000010808b7c8 method=java.lang.reflect.Executable.getAnnotation(Ljava/lang/Class;)Ljava/lang/annotation/Annotation; @ 11
Event: 0.735 Thread 0x00007ff53a80f000 Uncommon trap: reason=class_check action=maybe_recompile pc=0x00000001080bc3cc method=java.util.HashMap.putVal(ILjava/lang/Object;Ljava/lang/Object;ZZ)Ljava/lang/Object; @ 203
Event: 0.735 Thread 0x00007ff53a80f000 Uncommon trap: reason=class_check action=maybe_recompile pc=0x00000001080bc3cc method=java.util.HashMap.putVal(ILjava/lang/Object;Ljava/lang/Object;ZZ)Ljava/lang/Object; @ 203
Event: 0.735 Thread 0x00007ff53a80f000 Uncommon trap: reason=class_check action=maybe_recompile pc=0x00000001080bc3cc method=java.util.HashMap.putVal(ILjava/lang/Object;Ljava/lang/Object;ZZ)Ljava/lang/Object; @ 203
Event: 0.735 Thread 0x00007ff53a80f000 Uncommon trap: reason=class_check action=maybe_recompile pc=0x00000001080bc3cc method=java.util.HashMap.putVal(ILjava/lang/Object;Ljava/lang/Object;ZZ)Ljava/lang/Object; @ 203
Event: 0.961 Thread 0x00007ff53a80f000 Uncommon trap: reason=unstable_if action=reinterpret pc=0x0000000107f2b114 method=java.lang.String.lastIndexOf([CII[CIII)I @ 66

Internal exceptions (10 events):
Event: 0.400 Thread 0x00007ff53a80f000 Exception <a 'java/lang/ArrayIndexOutOfBoundsException'> (0x000000076bd59088) thrown at [/HUDSON3/workspace/8-2-build-macosx-x86_64/jdk8u66/4988/hotspot/src/share/vm/runtime/sharedRuntime.cpp, line 605]
Event: 0.407 Thread 0x00007ff53a80f000 Exception <a 'java/lang/ArrayIndexOutOfBoundsException'> (0x000000076bdc8d60) thrown at [/HUDSON3/workspace/8-2-build-macosx-x86_64/jdk8u66/4988/hotspot/src/share/vm/runtime/sharedRuntime.cpp, line 605]
Event: 0.552 Thread 0x00007ff53a80f000 Exception <a 'java/lang/ArrayIndexOutOfBoundsException'> (0x000000076cb54338) thrown at [/HUDSON3/workspace/8-2-build-macosx-x86_64/jdk8u66/4988/hotspot/src/share/vm/runtime/sharedRuntime.cpp, line 605]
Event: 0.552 Thread 0x00007ff53a80f000 Exception <a 'java/lang/ArrayIndexOutOfBoundsException'> (0x000000076cb55fe0) thrown at [/HUDSON3/workspace/8-2-build-macosx-x86_64/jdk8u66/4988/hotspot/src/share/vm/runtime/sharedRuntime.cpp, line 605]
Event: 0.642 Thread 0x00007ff53a80f000 Exception <a 'java/lang/NoClassDefFoundError': org/slf4j/Logger> (0x000000076d1a3828) thrown at [/HUDSON3/workspace/8-2-build-macosx-x86_64/jdk8u66/4988/hotspot/src/share/vm/classfile/systemDictionary.cpp, line 199]
Event: 0.698 Thread 0x00007ff53a80f000 Exception <a 'java/lang/NoClassDefFoundError': org/slf4j/LoggerFactory> (0x000000076d4aa420) thrown at [/HUDSON3/workspace/8-2-build-macosx-x86_64/jdk8u66/4988/hotspot/src/share/vm/classfile/systemDictionary.cpp, line 199]
Event: 0.698 Thread 0x00007ff53a80f000 Exception <a 'java/lang/NoClassDefFoundError'> (0x000000076d4aa420) thrown at [/HUDSON3/workspace/8-2-build-macosx-x86_64/jdk8u66/4988/hotspot/src/share/vm/oops/instanceKlass.cpp, line 948]
Event: 0.990 Thread 0x00007ff53a80f000 Exception <a 'java/lang/NoSuchFieldError': method resolution failed> (0x000000076e8e47c8) thrown at [/HUDSON3/workspace/8-2-build-macosx-x86_64/jdk8u66/4988/hotspot/src/share/vm/prims/methodHandles.cpp, line 1146]
Event: 0.991 Thread 0x00007ff53a80f000 Exception <a 'java/lang/NoSuchFieldError': method resolution failed> (0x000000076e8f1e88) thrown at [/HUDSON3/workspace/8-2-build-macosx-x86_64/jdk8u66/4988/hotspot/src/share/vm/prims/methodHandles.cpp, line 1146]
Event: 1.013 Thread 0x00007ff53a80f000 Implicit null exception at 0x0000000107f2a71e to 0x0000000000000000

Events (10 events):
Event: 1.012 loading class java/lang/ProcessBuilder$NullInputStream
Event: 1.012 loading class java/lang/ProcessBuilder$NullInputStream done
Event: 1.012 loading class java/lang/ProcessBuilder$NullOutputStream
Event: 1.012 loading class java/lang/ProcessBuilder$NullOutputStream done
Event: 1.012 loading class org/apache/maven/settings/building/DefaultSettingsBuilder$1
Event: 1.012 loading class org/apache/maven/settings/building/DefaultSettingsBuilder$1 done
Event: 1.013 loading class java/util/concurrent/locks/LockSupport
Event: 1.013 loading class java/util/concurrent/locks/LockSupport done
Event: 1.013 loading class sun/nio/ch/Interruptible
Event: 1.013 loading class sun/nio/ch/Interruptible done


Dynamic libraries:
0x0000000002fcb000 	/System/Library/Frameworks/Cocoa.framework/Versions/A/Cocoa
0x0000000002fcb000 	/System/Library/Frameworks/Security.framework/Versions/A/Security
0x0000000002fcb000 	/System/Library/Frameworks/ApplicationServices.framework/Versions/A/ApplicationServices
0x0000000002fcb000 	/usr/lib/libz.1.dylib
0x0000000002fcb000 	/usr/lib/libSystem.B.dylib
0x0000000002fcb000 	/usr/lib/libobjc.A.dylib
0x0000000002fcb000 	/System/Library/Frameworks/CoreFoundation.framework/Versions/A/CoreFoundation
0x0000000002fcb000 	/System/Library/Frameworks/Foundation.framework/Versions/C/Foundation
0x0000000002fcb000 	/System/Library/Frameworks/AppKit.framework/Versions/C/AppKit
0x0000000002fcb000 	/System/Library/Frameworks/CoreData.framework/Versions/A/CoreData
0x0000000002fcb000 	/System/Library/PrivateFrameworks/RemoteViewServices.framework/Versions/A/RemoteViewServices
0x0000000002fcb000 	/System/Library/PrivateFrameworks/UIFoundation.framework/Versions/A/UIFoundation
0x0000000002fcb000 	/usr/lib/libScreenReader.dylib
0x0000000002fcb000 	/System/Library/Frameworks/Accelerate.framework/Versions/A/Accelerate
0x0000000002fcb000 	/System/Library/Frameworks/IOSurface.framework/Versions/A/IOSurface
0x0000000002fcb000 	/System/Library/Frameworks/AudioToolbox.framework/Versions/A/AudioToolbox
0x0000000002fcb000 	/System/Library/Frameworks/AudioUnit.framework/Versions/A/AudioUnit
0x0000000002fcb000 	/System/Library/PrivateFrameworks/DataDetectorsCore.framework/Versions/A/DataDetectorsCore
0x0000000002fcb000 	/System/Library/PrivateFrameworks/DesktopServicesPriv.framework/Versions/A/DesktopServicesPriv
0x0000000002fcb000 	/System/Library/Frameworks/Carbon.framework/Versions/A/Frameworks/HIToolbox.framework/Versions/A/HIToolbox
0x0000000002fcb000 	/System/Library/Frameworks/QuartzCore.framework/Versions/A/QuartzCore
0x0000000002fcb000 	/System/Library/Frameworks/Carbon.framework/Versions/A/Frameworks/SpeechRecognition.framework/Versions/A/SpeechRecognition
0x0000000002fcb000 	/usr/lib/libauto.dylib
0x0000000002fcb000 	/usr/lib/libicucore.A.dylib
0x0000000002fcb000 	/usr/lib/libxml2.2.dylib
0x0000000002fcb000 	/System/Library/PrivateFrameworks/CoreUI.framework/Versions/A/CoreUI
0x0000000002fcb000 	/System/Library/Frameworks/CoreAudio.framework/Versions/A/CoreAudio
0x0000000002fcb000 	/System/Library/Frameworks/DiskArbitration.framework/Versions/A/DiskArbitration
0x0000000002fcb000 	/usr/lib/liblangid.dylib
0x0000000002fcb000 	/System/Library/PrivateFrameworks/MultitouchSupport.framework/Versions/A/MultitouchSupport
0x0000000002fcb000 	/System/Library/Frameworks/IOKit.framework/Versions/A/IOKit
0x0000000002fcb000 	/usr/lib/libDiagnosticMessagesClient.dylib
0x0000000002fcb000 	/System/Library/Frameworks/CoreServices.framework/Versions/A/CoreServices
0x0000000002fcb000 	/System/Library/PrivateFrameworks/PerformanceAnalysis.framework/Versions/A/PerformanceAnalysis
0x0000000002fcb000 	/System/Library/PrivateFrameworks/GenerationalStorage.framework/Versions/A/GenerationalStorage
0x0000000002fcb000 	/System/Library/Frameworks/OpenGL.framework/Versions/A/OpenGL
0x0000000002fcb000 	/System/Library/PrivateFrameworks/Sharing.framework/Versions/A/Sharing
0x0000000002fcb000 	/System/Library/Frameworks/CoreGraphics.framework/Versions/A/CoreGraphics
0x0000000002fcb000 	/System/Library/Frameworks/CoreImage.framework/Versions/A/CoreImage
0x0000000002fcb000 	/System/Library/Frameworks/CoreText.framework/Versions/A/CoreText
0x0000000002fcb000 	/System/Library/Frameworks/ImageIO.framework/Versions/A/ImageIO
0x0000000002fcb000 	/System/Library/PrivateFrameworks/Backup.framework/Versions/A/Backup
0x0000000002fcb000 	/usr/lib/libextension.dylib
0x0000000002fcb000 	/usr/lib/libarchive.2.dylib
0x0000000002fcb000 	/System/Library/Frameworks/CFNetwork.framework/Versions/A/CFNetwork
0x0000000002fcb000 	/System/Library/Frameworks/SystemConfiguration.framework/Versions/A/SystemConfiguration
0x0000000002fcb000 	/usr/lib/libCRFSuite.dylib
0x0000000002fcb000 	/usr/lib/libc++.1.dylib
0x0000000002fcb000 	/usr/lib/libc++abi.dylib
0x0000000002fcb000 	/usr/lib/system/libcache.dylib
0x0000000002fcb000 	/usr/lib/system/libcommonCrypto.dylib
0x0000000002fcb000 	/usr/lib/system/libcompiler_rt.dylib
0x0000000002fcb000 	/usr/lib/system/libcopyfile.dylib
0x0000000002fcb000 	/usr/lib/system/libcorecrypto.dylib
0x0000000002fcb000 	/usr/lib/system/libdispatch.dylib
0x0000000002fcb000 	/usr/lib/system/libdyld.dylib
0x0000000002fcb000 	/usr/lib/system/libkeymgr.dylib
0x0000000002fcb000 	/usr/lib/system/liblaunch.dylib
0x0000000002fcb000 	/usr/lib/system/libmacho.dylib
0x0000000002fcb000 	/usr/lib/system/libquarantine.dylib
0x0000000002fcb000 	/usr/lib/system/libremovefile.dylib
0x0000000002fcb000 	/usr/lib/system/libsystem_asl.dylib
0x0000000002fcb000 	/usr/lib/system/libsystem_blocks.dylib
0x0000000002fcb000 	/usr/lib/system/libsystem_c.dylib
0x0000000002fcb000 	/usr/lib/system/libsystem_configuration.dylib
0x0000000002fcb000 	/usr/lib/system/libsystem_coreservices.dylib
0x0000000002fcb000 	/usr/lib/system/libsystem_coretls.dylib
0x0000000002fcb000 	/usr/lib/system/libsystem_dnssd.dylib
0x0000000002fcb000 	/usr/lib/system/libsystem_info.dylib
0x0000000002fcb000 	/usr/lib/system/libsystem_kernel.dylib
0x0000000002fcb000 	/usr/lib/system/libsystem_m.dylib
0x0000000002fcb000 	/usr/lib/system/libsystem_malloc.dylib
0x0000000002fcb000 	/usr/lib/system/libsystem_network.dylib
0x0000000002fcb000 	/usr/lib/system/libsystem_networkextension.dylib
0x0000000002fcb000 	/usr/lib/system/libsystem_notify.dylib
0x0000000002fcb000 	/usr/lib/system/libsystem_platform.dylib
0x0000000002fcb000 	/usr/lib/system/libsystem_pthread.dylib
0x0000000002fcb000 	/usr/lib/system/libsystem_sandbox.dylib
0x0000000002fcb000 	/usr/lib/system/libsystem_secinit.dylib
0x0000000002fcb000 	/usr/lib/system/libsystem_trace.dylib
0x0000000002fcb000 	/usr/lib/system/libunc.dylib
0x0000000002fcb000 	/usr/lib/system/libunwind.dylib
0x0000000002fcb000 	/usr/lib/system/libxpc.dylib
0x0000000002fcb000 	/usr/lib/libenergytrace.dylib
0x0000000002fcb000 	/usr/lib/libbsm.0.dylib
0x0000000002fcb000 	/usr/lib/system/libkxld.dylib
0x0000000002fcb000 	/usr/lib/libxar.1.dylib
0x0000000002fcb000 	/usr/lib/libsqlite3.dylib
0x0000000002fcb000 	/usr/lib/libpam.2.dylib
0x0000000002fcb000 	/usr/lib/libOpenScriptingUtil.dylib
0x0000000002fcb000 	/usr/lib/libbz2.1.0.dylib
0x0000000002fcb000 	/usr/lib/liblzma.5.dylib
0x0000000002fcb000 	/System/Library/Frameworks/CoreServices.framework/Versions/A/Frameworks/FSEvents.framework/Versions/A/FSEvents
0x0000000002fcb000 	/System/Library/Frameworks/CoreServices.framework/Versions/A/Frameworks/CarbonCore.framework/Versions/A/CarbonCore
0x0000000002fcb000 	/System/Library/Frameworks/CoreServices.framework/Versions/A/Frameworks/Metadata.framework/Versions/A/Metadata
0x0000000002fcb000 	/System/Library/Frameworks/CoreServices.framework/Versions/A/Frameworks/OSServices.framework/Versions/A/OSServices
0x0000000002fcb000 	/System/Library/Frameworks/CoreServices.framework/Versions/A/Frameworks/SearchKit.framework/Versions/A/SearchKit
0x0000000002fcb000 	/System/Library/Frameworks/CoreServices.framework/Versions/A/Frameworks/AE.framework/Versions/A/AE
0x0000000002fcb000 	/System/Library/Frameworks/CoreServices.framework/Versions/A/Frameworks/LaunchServices.framework/Versions/A/LaunchServices
0x0000000002fcb000 	/System/Library/Frameworks/CoreServices.framework/Versions/A/Frameworks/DictionaryServices.framework/Versions/A/DictionaryServices
0x0000000002fcb000 	/System/Library/Frameworks/CoreServices.framework/Versions/A/Frameworks/SharedFileList.framework/Versions/A/SharedFileList
0x0000000002fcb000 	/System/Library/Frameworks/NetFS.framework/Versions/A/NetFS
0x0000000002fcb000 	/System/Library/PrivateFrameworks/NetAuth.framework/Versions/A/NetAuth
0x0000000002fcb000 	/System/Library/PrivateFrameworks/login.framework/Versions/A/Frameworks/loginsupport.framework/Versions/A/loginsupport
0x0000000002fcb000 	/System/Library/PrivateFrameworks/TCC.framework/Versions/A/TCC
0x0000000002fcb000 	/usr/lib/libmecabra.dylib
0x0000000002fcb000 	/System/Library/Frameworks/ApplicationServices.framework/Versions/A/Frameworks/ATS.framework/Versions/A/ATS
0x0000000002fcb000 	/System/Library/Frameworks/ApplicationServices.framework/Versions/A/Frameworks/ColorSync.framework/Versions/A/ColorSync
0x0000000002fcb000 	/System/Library/Frameworks/ApplicationServices.framework/Versions/A/Frameworks/HIServices.framework/Versions/A/HIServices
0x0000000002fcb000 	/System/Library/Frameworks/ApplicationServices.framework/Versions/A/Frameworks/LangAnalysis.framework/Versions/A/LangAnalysis
0x0000000002fcb000 	/System/Library/Frameworks/ApplicationServices.framework/Versions/A/Frameworks/PrintCore.framework/Versions/A/PrintCore
0x0000000002fcb000 	/System/Library/Frameworks/ApplicationServices.framework/Versions/A/Frameworks/QD.framework/Versions/A/QD
0x0000000002fcb000 	/System/Library/Frameworks/ApplicationServices.framework/Versions/A/Frameworks/SpeechSynthesis.framework/Versions/A/SpeechSynthesis
0x0000000002fcb000 	/System/Library/Frameworks/Metal.framework/Versions/A/Metal
0x0000000002fcb000 	/System/Library/Frameworks/Accelerate.framework/Versions/A/Frameworks/vImage.framework/Versions/A/vImage
0x0000000002fcb000 	/System/Library/Frameworks/Accelerate.framework/Versions/A/Frameworks/vecLib.framework/Versions/A/vecLib
0x0000000002fcb000 	/System/Library/Frameworks/Accelerate.framework/Versions/A/Frameworks/vecLib.framework/Versions/A/libvDSP.dylib
0x0000000002fcb000 	/System/Library/Frameworks/Accelerate.framework/Versions/A/Frameworks/vecLib.framework/Versions/A/libvMisc.dylib
0x0000000002fcb000 	/System/Library/Frameworks/Accelerate.framework/Versions/A/Frameworks/vecLib.framework/Versions/A/libLAPACK.dylib
0x0000000002fcb000 	/System/Library/Frameworks/Accelerate.framework/Versions/A/Frameworks/vecLib.framework/Versions/A/libBLAS.dylib
0x0000000002fcb000 	/System/Library/Frameworks/Accelerate.framework/Versions/A/Frameworks/vecLib.framework/Versions/A/libLinearAlgebra.dylib
0x0000000002fcb000 	/System/Library/Frameworks/Accelerate.framework/Versions/A/Frameworks/vecLib.framework/Versions/A/libSparseBLAS.dylib
0x0000000002fcb000 	/System/Library/PrivateFrameworks/GPUCompiler.framework/libmetal_timestamp.dylib
0x0000000002fcb000 	/System/Library/Frameworks/OpenGL.framework/Versions/A/Libraries/libCoreFSCache.dylib
0x0000000002fcb000 	/System/Library/PrivateFrameworks/IOAccelerator.framework/Versions/A/IOAccelerator
0x0000000002fcb000 	/System/Library/Frameworks/ApplicationServices.framework/Versions/A/Frameworks/ATS.framework/Versions/A/Resources/libFontParser.dylib
0x0000000002fcb000 	/System/Library/Frameworks/ApplicationServices.framework/Versions/A/Frameworks/ATS.framework/Versions/A/Resources/libFontRegistry.dylib
0x0000000002fcb000 	/System/Library/PrivateFrameworks/AppleVPA.framework/Versions/A/AppleVPA
0x0000000002fcb000 	/System/Library/PrivateFrameworks/AppleJPEG.framework/Versions/A/AppleJPEG
0x0000000002fcb000 	/System/Library/Frameworks/ImageIO.framework/Versions/A/Resources/libJPEG.dylib
0x0000000002fcb000 	/System/Library/Frameworks/ImageIO.framework/Versions/A/Resources/libTIFF.dylib
0x0000000002fcb000 	/System/Library/Frameworks/ImageIO.framework/Versions/A/Resources/libPng.dylib
0x0000000002fcb000 	/System/Library/Frameworks/ImageIO.framework/Versions/A/Resources/libGIF.dylib
0x0000000002fcb000 	/System/Library/Frameworks/ImageIO.framework/Versions/A/Resources/libJP2.dylib
0x0000000002fcb000 	/System/Library/Frameworks/ImageIO.framework/Versions/A/Resources/libRadiance.dylib
0x0000000002fcb000 	/System/Library/Frameworks/CoreVideo.framework/Versions/A/CoreVideo
0x0000000002fcb000 	/System/Library/Frameworks/OpenGL.framework/Versions/A/Libraries/libGLU.dylib
0x0000000002fcb000 	/System/Library/Frameworks/OpenGL.framework/Versions/A/Libraries/libGFXShared.dylib
0x0000000002fcb000 	/System/Library/Frameworks/OpenGL.framework/Versions/A/Libraries/libGL.dylib
0x0000000002fcb000 	/System/Library/Frameworks/OpenGL.framework/Versions/A/Libraries/libGLImage.dylib
0x0000000002fcb000 	/System/Library/Frameworks/OpenGL.framework/Versions/A/Libraries/libCVMSPluginSupport.dylib
0x0000000002fcb000 	/System/Library/Frameworks/OpenGL.framework/Versions/A/Libraries/libCoreVMClient.dylib
0x0000000002fcb000 	/usr/lib/libcups.2.dylib
0x0000000002fcb000 	/System/Library/Frameworks/Kerberos.framework/Versions/A/Kerberos
0x0000000002fcb000 	/System/Library/Frameworks/GSS.framework/Versions/A/GSS
0x0000000002fcb000 	/usr/lib/libresolv.9.dylib
0x0000000002fcb000 	/usr/lib/libiconv.2.dylib
0x0000000002fcb000 	/System/Library/PrivateFrameworks/Heimdal.framework/Versions/A/Heimdal
0x0000000002fcb000 	/usr/lib/libheimdal-asn1.dylib
0x0000000002fcb000 	/System/Library/Frameworks/OpenDirectory.framework/Versions/A/OpenDirectory
0x0000000002fcb000 	/System/Library/PrivateFrameworks/CommonAuth.framework/Versions/A/CommonAuth
0x0000000002fcb000 	/System/Library/Frameworks/OpenDirectory.framework/Versions/A/Frameworks/CFOpenDirectory.framework/Versions/A/CFOpenDirectory
0x0000000002fcb000 	/System/Library/Frameworks/SecurityFoundation.framework/Versions/A/SecurityFoundation
0x0000000002fcb000 	/System/Library/PrivateFrameworks/LanguageModeling.framework/Versions/A/LanguageModeling
0x0000000002fcb000 	/usr/lib/libmarisa.dylib
0x0000000002fcb000 	/usr/lib/libChineseTokenizer.dylib
0x0000000002fcb000 	/usr/lib/libcmph.dylib
0x0000000002fcb000 	/usr/lib/libcompression.dylib
0x0000000002fcb000 	/System/Library/Frameworks/ServiceManagement.framework/Versions/A/ServiceManagement
0x0000000002fcb000 	/usr/lib/libxslt.1.dylib
0x0000000002fcb000 	/System/Library/Frameworks/Carbon.framework/Versions/A/Frameworks/Ink.framework/Versions/A/Ink
0x0000000002fcb000 	/usr/lib/libFosl_dynamic.dylib
0x0000000002fcb000 	/System/Library/PrivateFrameworks/FaceCore.framework/Versions/A/FaceCore
0x0000000002fcb000 	/System/Library/Frameworks/OpenCL.framework/Versions/A/OpenCL
0x0000000002fcb000 	/System/Library/PrivateFrameworks/CrashReporterSupport.framework/Versions/A/CrashReporterSupport
0x0000000002fcb000 	/System/Library/PrivateFrameworks/IconServices.framework/Versions/A/IconServices
0x0000000002fcb000 	/System/Library/PrivateFrameworks/Apple80211.framework/Versions/A/Apple80211
0x0000000002fcb000 	/System/Library/Frameworks/CoreWLAN.framework/Versions/A/CoreWLAN
0x0000000002fcb000 	/System/Library/Frameworks/IOBluetooth.framework/Versions/A/IOBluetooth
0x0000000002fcb000 	/System/Library/PrivateFrameworks/CoreWiFi.framework/Versions/A/CoreWiFi
0x0000000002fcb000 	/System/Library/Frameworks/CoreBluetooth.framework/Versions/A/CoreBluetooth
0x0000000002fcb000 	/System/Library/PrivateFrameworks/ChunkingLibrary.framework/Versions/A/ChunkingLibrary
0x0000000002fcb000 	/System/Library/PrivateFrameworks/DebugSymbols.framework/Versions/A/DebugSymbols
0x0000000002fcb000 	/System/Library/PrivateFrameworks/CoreSymbolication.framework/Versions/A/CoreSymbolication
0x0000000002fcb000 	/System/Library/PrivateFrameworks/Symbolication.framework/Versions/A/Symbolication
0x0000000002fcb000 	/System/Library/PrivateFrameworks/SpeechRecognitionCore.framework/Versions/A/SpeechRecognitionCore
0x0000000106e00000 	/Library/Java/JavaVirtualMachines/jdk1.8.0_66.jdk/Contents/Home/jre/lib/server/libjvm.dylib
0x0000000002fcb000 	/usr/lib/libstdc++.6.dylib
0x0000000105c1e000 	/Library/Java/JavaVirtualMachines/jdk1.8.0_66.jdk/Contents/Home/jre/lib/libverify.dylib
0x0000000105c2c000 	/Library/Java/JavaVirtualMachines/jdk1.8.0_66.jdk/Contents/Home/jre/lib/libjava.dylib
0x0000000105c6b000 	/Library/Java/JavaVirtualMachines/jdk1.8.0_66.jdk/Contents/Home/jre/lib/libzip.dylib
0x0000000122cb2000 	/System/Library/Frameworks/JavaVM.framework/Frameworks/JavaRuntimeSupport.framework/JavaRuntimeSupport
0x0000000122ccd000 	/System/Library/Frameworks/JavaVM.framework/Versions/A/Frameworks/JavaNativeFoundation.framework/Versions/A/JavaNativeFoundation
0x0000000122ce2000 	/System/Library/Frameworks/JavaVM.framework/Versions/A/JavaVM
0x0000000002fcb000 	/System/Library/Frameworks/Carbon.framework/Versions/A/Carbon
0x0000000122cef000 	/System/Library/PrivateFrameworks/JavaLaunching.framework/Versions/A/JavaLaunching
0x0000000002fcb000 	/System/Library/Frameworks/Carbon.framework/Versions/A/Frameworks/CommonPanels.framework/Versions/A/CommonPanels
0x0000000002fcb000 	/System/Library/Frameworks/Carbon.framework/Versions/A/Frameworks/Help.framework/Versions/A/Help
0x0000000002fcb000 	/System/Library/Frameworks/Carbon.framework/Versions/A/Frameworks/ImageCapture.framework/Versions/A/ImageCapture
0x0000000002fcb000 	/System/Library/Frameworks/Carbon.framework/Versions/A/Frameworks/OpenScripting.framework/Versions/A/OpenScripting
0x0000000002fcb000 	/System/Library/Frameworks/Carbon.framework/Versions/A/Frameworks/Print.framework/Versions/A/Print
0x0000000002fcb000 	/System/Library/Frameworks/Carbon.framework/Versions/A/Frameworks/SecurityHI.framework/Versions/A/SecurityHI
0x000000012464e000 	/Applications/IntelliJ IDEA.app/Contents/bin/libbreakgen64.jnilib
0x0000000124651000 	/Library/Java/JavaVirtualMachines/jdk1.8.0_66.jdk/Contents/Home/jre/lib/libnet.dylib

VM Arguments:
jvm_args: -Dmaven.home=/Applications/IntelliJ IDEA.app/Contents/plugins/maven/lib/maven3 -Dclassworlds.conf=/Applications/IntelliJ IDEA.app/Contents/plugins/maven/lib/maven3/bin/m2.conf -Didea.launcher.port=7536 -Didea.launcher.bin.path=/Applications/IntelliJ IDEA.app/Contents/bin -Dfile.encoding=UTF-8 
java_command: com.intellij.rt.execution.application.AppMain org.codehaus.classworlds.Launcher -Didea.version=2016.1.1 clean
java_class_path (initial): /Applications/IntelliJ IDEA.app/Contents/plugins/maven/lib/maven3/boot/plexus-classworlds-2.4.jar:/Applications/IntelliJ IDEA.app/Contents/lib/idea_rt.jar
Launcher Type: SUN_STANDARD

Environment Variables:
JAVA_HOME=/Library/Java/JavaVirtualMachines/jdk1.8.0_66.jdk/Contents/Home
PATH=/usr/local/bin:/usr/bin:/bin:/usr/sbin:/sbin
SHELL=/bin/bash

Signal Handlers:
SIGSEGV: [libjvm.dylib+0x5a65d5], sa_mask[0]=11111111011111110111111111111111, sa_flags=SA_ONSTACK|SA_RESTART|SA_SIGINFO
SIGBUS: [libjvm.dylib+0x5a65d5], sa_mask[0]=11111111011111110111111111111111, sa_flags=SA_RESTART|SA_SIGINFO
SIGFPE: [libjvm.dylib+0x4802e8], sa_mask[0]=11111111011111110111111111111111, sa_flags=SA_RESTART|SA_SIGINFO
SIGPIPE: [libjvm.dylib+0x4802e8], sa_mask[0]=11111111011111110111111111111111, sa_flags=SA_RESTART|SA_SIGINFO
SIGXFSZ: [libjvm.dylib+0x4802e8], sa_mask[0]=11111111011111110111111111111111, sa_flags=SA_RESTART|SA_SIGINFO
SIGILL: [libjvm.dylib+0x4802e8], sa_mask[0]=11111111011111110111111111111111, sa_flags=SA_RESTART|SA_SIGINFO
SIGUSR1: SIG_DFL, sa_mask[0]=00000000000000000000000000000000, sa_flags=none
SIGUSR2: [libjvm.dylib+0x47fe06], sa_mask[0]=00100000000000000000000000000000, sa_flags=SA_RESTART|SA_SIGINFO
SIGHUP: [libjvm.dylib+0x47e3dd], sa_mask[0]=11111111011111110111111111111111, sa_flags=SA_RESTART|SA_SIGINFO
SIGINT: [libjvm.dylib+0x47e3dd], sa_mask[0]=11111111011111110111111111111111, sa_flags=SA_RESTART|SA_SIGINFO
SIGTERM: [libjvm.dylib+0x47e3dd], sa_mask[0]=11111111011111110111111111111111, sa_flags=SA_RESTART|SA_SIGINFO
SIGQUIT: [libjvm.dylib+0x47e3dd], sa_mask[0]=11111111011111110111111111111111, sa_flags=SA_RESTART|SA_SIGINFO


---------------  S Y S T E M  ---------------

OS:Bsduname:Darwin 15.0.0 Darwin Kernel Version 15.0.0: Sat Sep 19 15:53:46 PDT 2015; root:xnu-3247.10.11~1/RELEASE_X86_64 x86_64
rlimit: STACK 8192k, CORE 0k, NPROC 709, NOFILE 10240, AS infinity
load average:5.81 6.14 5.34

CPU:total 8 (4 cores per cpu, 2 threads per core) family 6 model 70 stepping 1, cmov, cx8, fxsr, mmx, sse, sse2, sse3, ssse3, sse4.1, sse4.2, popcnt, avx, avx2, aes, clmul, erms, lzcnt, ht, tsc, tscinvbit, bmi1, bmi2

Memory: 4k page, physical 16777216k(251472k free)

/proc/meminfo:


vm_info: Java HotSpot(TM) 64-Bit Server VM (25.66-b17) for bsd-amd64 JRE (1.8.0_66-b17), built on Oct  6 2015 16:09:13 by "java_re" with gcc 4.2.1 (Based on Apple Inc. build 5658) (LLVM build 2336.11.00)

time: Fri Apr 15 11:57:22 2016
elapsed time: 1 seconds (0d 0h 0m 1s)

